2022-04-07 19:05:59,832 init game...
2022-04-07 19:06:11,354 player did not enter name
2022-04-07 19:06:27,987 init game...
2022-04-07 19:06:54,090 init game...
2022-04-07 19:07:34,455 init game...
2022-04-07 19:08:36,413 init game...
2022-04-07 19:08:36,777 failed to load gif image
2022-04-07 19:08:44,395 gif image failed to load
2022-04-07 19:10:16,487 init game...
2022-04-07 19:10:25,814 FileNotFoundError: leaderboard.txt failed to load.
2022-04-07 19:10:58,880 player did not enter name
2022-04-07 19:11:48,457 init game...
2022-04-07 19:12:00,006 player did not enter name
2022-04-07 19:15:37,781 init game...
2022-04-07 19:15:49,156 player did not enter name
2022-04-08 05:01:11,439 init game...
2022-04-08 05:15:23,885 init game...
2022-04-08 05:19:28,467 init game...
2022-04-09 21:01:13,664 init game...
2022-04-14 14:46:19,069 init game...
2022-04-14 14:57:44,434 init game...
2022-04-14 14:57:56,725 player did not enter name
2022-04-14 14:58:29,953 init game...
2022-04-14 17:41:59,553 player did not enter name
2022-04-14 18:42:47,075 init game...
2022-04-14 18:42:58,661 player did not enter name
2022-04-14 18:43:50,991 init game...
2022-04-14 18:44:02,440 init game...
2022-04-14 18:44:09,736 init game...
2022-04-14 18:44:44,793 player did not enter name
2022-04-14 18:44:47,418 init game...
2022-04-14 18:45:03,308 player did not enter name
2022-04-14 18:45:05,404 init game...
2022-04-14 18:45:21,674 player did not enter name
2022-04-14 18:46:51,923 init game...
2022-04-14 18:47:03,898 init game...
2022-04-14 18:48:06,782 init game...
2022-04-14 18:49:53,898 init game...
2022-04-14 18:50:41,284 init game...
2022-04-14 18:52:55,544 init game...
2022-04-14 18:53:37,755 init game...
2022-04-14 18:53:59,123 player did not enter name
2022-04-14 19:40:51,608 init game...
2022-04-14 19:41:23,572 init game...
2022-04-14 19:41:48,631 init game...
2022-04-14 19:43:01,840 init game...
2022-04-14 19:44:51,407 init game...
2022-04-21 18:03:16,129 init game...
2022-04-21 18:04:14,518 init game...
2022-04-21 18:09:30,567 init game...
2022-04-21 18:11:29,579 init game...
2022-04-21 18:12:51,661 init game...
2022-04-21 18:16:42,038 init game...
2022-04-21 18:26:40,119 init game...
2022-04-21 18:26:49,639 FileNotFoundError: leaderboard.txt failed to load.
2022-04-21 18:26:54,173 init game...
2022-04-21 18:27:44,861 init game...
2022-04-21 18:27:54,378 FileNotFoundError: leaderboard.txt failed to load.
2022-04-21 18:28:00,134 init game...
2022-04-21 18:28:12,093 FileNotFoundError: leaderboard.txt failed to load.
2022-04-21 18:29:06,003 init game...
2022-04-21 18:29:17,921 init game...
2022-04-21 18:30:47,453 init game...
2022-04-21 18:30:58,975 init game...
2022-04-21 18:31:53,109 init game...
2022-04-21 18:32:04,632 init game...
2022-04-21 18:33:25,929 init game...
2022-04-21 18:33:38,990 init game...
2022-04-23 18:03:04,431 init game...
2022-04-23 18:03:05,514 failed to load gif image
2022-04-23 18:03:12,800 gif image failed to load
2022-04-23 18:03:40,128 init game...
2022-04-23 18:03:40,408 failed to load gif image
2022-04-23 18:03:47,425 gif image failed to load
2022-04-23 18:05:00,634 init game...
2022-04-23 18:05:00,946 failed to load gif image
2022-04-23 18:05:08,635 gif image failed to load
2022-04-23 18:05:45,855 init game...
2022-04-23 18:05:46,190 failed to load gif image
2022-04-23 18:05:53,816 gif image failed to load
2022-04-23 18:06:24,350 init game...
2022-04-23 18:06:24,687 failed to load gif image
2022-04-23 18:06:32,311 gif image failed to load
2022-04-23 18:14:35,684 init game...
2022-04-23 18:14:36,029 failed to load gif image
2022-04-23 18:14:43,923 gif image failed to load
2022-04-23 18:16:37,551 init game...
2022-04-23 18:16:37,764 failed to load gif image
2022-04-23 18:16:44,705 gif image failed to load
2022-04-23 18:17:42,961 init game...
2022-04-23 18:17:43,339 failed to load gif image
2022-04-23 18:17:50,737 gif image failed to load
2022-04-23 18:20:52,572 init game...
2022-04-23 18:22:05,079 init game...
2022-04-23 18:22:05,706 failed to load gif image
2022-04-23 18:22:13,012 gif image failed to load
2022-04-23 18:22:39,508 init game...
2022-04-23 18:22:39,807 failed to load gif image
2022-04-23 18:22:47,585 gif image failed to load
2022-04-23 18:23:49,769 init game...
2022-04-23 18:23:50,058 failed to load gif image
2022-04-23 18:23:58,050 gif image failed to load
2022-04-23 18:27:56,520 init game...
2022-04-23 18:27:56,846 failed to load gif image
2022-04-23 18:28:04,067 failed to load image gif
2022-04-23 20:22:03,212 init game...
2022-04-23 20:22:03,876 failed to load gif image
2022-04-23 20:22:10,768 failed to load image gif
2022-04-23 20:25:14,874 init game...
2022-04-23 20:25:15,220 failed to load gif image
2022-04-23 20:25:22,199 failed to load image gif
2022-04-23 20:26:27,779 init game...
2022-04-23 20:26:37,148 FileNotFoundError: leaderboard.txt failed to load.
2022-04-23 20:26:42,300 player did not enter name
2022-04-23 20:29:51,275 init game...
2022-04-23 20:30:00,800 FileNotFoundError: leaderboard.txt failed to load.
2022-04-23 20:32:26,493 init game...
2022-04-23 20:33:28,397 init game...
2022-04-23 20:35:26,136 init game...
2022-04-23 20:35:36,922 init game...
2022-04-24 22:11:40,344 init game...
2022-04-24 22:12:49,974 init game...
2022-04-24 22:13:00,799 player did not enter name
2022-04-25 14:46:54,278 init game...
2023-12-14 15:27:53,385 init game...
2023-12-14 15:28:10,750 init game...
2023-12-14 15:28:33,806 init game...
2023-12-14 15:32:37,073 init game...
2023-12-14 15:47:24,709 init game...
2023-12-14 15:53:11,662 init game...
2023-12-14 15:54:45,738 init game...
2023-12-14 15:55:17,126 init game...
2023-12-14 15:56:05,695 init game...
2023-12-14 15:56:40,644 init game...
2023-12-14 15:57:19,170 init game...
2023-12-14 16:10:22,146 init game...
2023-12-14 16:10:22,966 failed to register gif image
2023-12-14 16:10:30,240 gif image failed to load
2023-12-14 16:14:43,260 init game...
2023-12-14 16:18:52,425 init game...
2023-12-14 16:19:06,785 player did not enter name
